Drill report for C:\Users\Han\Documents\GitHub\po_midi_adapter\pcb\po_midi_adapter\po_midi_adapter.kicad_pcb
Created on 2019-03-20 12:43:36 PM

Copper Layer Stackup:
    =============================================================
    L1 :  F.Cu                      front
    L2 :  B.Cu                      back


Drill file 'po_midi_adapter.drl' contains
    plated through holes:
    =============================================================
    T1  0.80mm  0.031"  (6 holes)
    T2  1.00mm  0.039"  (4 holes)  (with 3 slots)
    T3  1.05mm  0.041"  (46 holes)
    T4  1.10mm  0.043"  (1 hole)
    T5  1.20mm  0.047"  (26 holes)
    T6  1.40mm  0.055"  (5 holes)

    Total plated holes count 88


Not plated through holes are merged with plated holes
    unplated through holes:
    =============================================================

    Total unplated holes count 0
